[debug] [2025-01-18T10:57:19.238Z] ----------------------------------------------------------------------
[debug] [2025-01-18T10:57:19.240Z] Command:       C:\Program Files\nodejs\node.exe C:\Users\devas\AppData\Roaming\npm\node_modules\firebase-tools\lib\bin\firebase.js init
[debug] [2025-01-18T10:57:19.241Z] CLI Version:   13.29.1
[debug] [2025-01-18T10:57:19.241Z] Platform:      win32
[debug] [2025-01-18T10:57:19.241Z] Node Version:  v20.17.0
[debug] [2025-01-18T10:57:19.241Z] Time:          Sat Jan 18 2025 16:27:19 GMT+0530 (India Standard Time)
[debug] [2025-01-18T10:57:19.241Z] ----------------------------------------------------------------------
[debug] 
[debug] [2025-01-18T10:57:19.248Z] > command requires scopes: ["email","openid","https://www.googleapis.com/auth/cloudplatformprojects.readonly","https://www.googleapis.com/auth/firebase","https://www.googleapis.com/auth/cloud-platform"]
[debug] [2025-01-18T10:57:19.249Z] > authorizing via signed-in user (deva.sahu2001@gmail.com)
[info] 
     ######## #### ########  ######## ########     ###     ######  ########
     ##        ##  ##     ## ##       ##     ##  ##   ##  ##       ##
     ######    ##  ########  ######   ########  #########  ######  ######
     ##        ##  ##    ##  ##       ##     ## ##     ##       ## ##
     ##       #### ##     ## ######## ########  ##     ##  ######  ########

You're about to initialize a Firebase project in this directory:

  C:\Users\devas\Desktop\React_demo\my-app

[info] 
=== Project Setup
[info] 
[info] First, let's associate this project directory with a Firebase project.
[info] You can create multiple project aliases by running firebase use --add, 
[info] but for now we'll just set up a default project.
[info] 
[debug] [2025-01-18T10:58:38.552Z] Checked if tokens are valid: false, expires at: 1703496321831
[debug] [2025-01-18T10:58:38.552Z] Checked if tokens are valid: false, expires at: 1703496321831
[debug] [2025-01-18T10:58:38.553Z] > refreshing access token with scopes: []
[debug] [2025-01-18T10:58:38.555Z] >>> [apiv2][query] POST https://www.googleapis.com/oauth2/v3/token [none]
[debug] [2025-01-18T10:58:38.555Z] >>> [apiv2][body] POST https://www.googleapis.com/oauth2/v3/token [omitted]
[debug] [2025-01-18T10:58:39.288Z] <<< [apiv2][status] POST https://www.googleapis.com/oauth2/v3/token 400
[debug] [2025-01-18T10:58:39.288Z] <<< [apiv2][body] POST https://www.googleapis.com/oauth2/v3/token [omitted]
[debug] [2025-01-18T10:58:39.289Z] >>> [apiv2][query] GET https://firebase.googleapis.com/v1beta1/projects pageSize=100
[debug] [2025-01-18T10:58:39.932Z] <<< [apiv2][status] GET https://firebase.googleapis.com/v1beta1/projects 401
[debug] [2025-01-18T10:58:39.932Z] <<< [apiv2][body] GET https://firebase.googleapis.com/v1beta1/projects [omitted]
[debug] [2025-01-18T10:58:39.933Z] Got a 401 Unauthenticated error for a call that required authentication. Refreshing tokens.
[debug] [2025-01-18T10:58:39.933Z] Checked if tokens are valid: false, expires at: 1703496321831
[debug] [2025-01-18T10:58:39.933Z] Checked if tokens are valid: false, expires at: 1703496321831
[debug] [2025-01-18T10:58:39.933Z] > refreshing access token with scopes: []
[debug] [2025-01-18T10:58:39.934Z] >>> [apiv2][query] POST https://www.googleapis.com/oauth2/v3/token [none]
[debug] [2025-01-18T10:58:39.934Z] >>> [apiv2][body] POST https://www.googleapis.com/oauth2/v3/token [omitted]
[debug] [2025-01-18T10:58:40.204Z] <<< [apiv2][status] POST https://www.googleapis.com/oauth2/v3/token 400
[debug] [2025-01-18T10:58:40.204Z] <<< [apiv2][body] POST https://www.googleapis.com/oauth2/v3/token [omitted]
[debug] [2025-01-18T10:58:40.205Z] Request to https://firebase.googleapis.com/v1beta1/projects?pageSize=100 had HTTP Error: 401, Request had invalid authentication credentials. Expected OAuth 2 access token, login cookie or other valid authentication credential. See https://developers.google.com/identity/sign-in/web/devconsole-project.
[debug] [2025-01-18T10:58:40.767Z] FirebaseError: Request to https://firebase.googleapis.com/v1beta1/projects?pageSize=100 had HTTP Error: 401, Request had invalid authentication credentials. Expected OAuth 2 access token, login cookie or other valid authentication credential. See https://developers.google.com/identity/sign-in/web/devconsole-project.
    at responseToError (C:\Users\devas\AppData\Roaming\npm\node_modules\firebase-tools\lib\responseToError.js:52:12)
    at RetryOperation._fn (C:\Users\devas\AppData\Roaming\npm\node_modules\firebase-tools\lib\apiv2.js:312:77)
    at process.processTicksAndRejections (node:internal/process/task_queues:95:5)
[error] 
[error] Error: Failed to list Firebase projects. See firebase-debug.log for more info.
